!SESSION 2023-08-28 22:54:37.516 -----------------------------------------------
eclipse.buildId=unknown
java.version=20.0.1
java.vendor=Oracle Corporation
BootLoader constants: OS=win32, ARCH=x86, WS=win32, NL=en_GB
Command-line arguments:  -os win32 -ws win32 -arch x86

!ENTRY org.eclipse.osgi 4 0 2023-08-28 22:54:37.689
!MESSAGE Startup error
!STACK 1
java.lang.reflect.InaccessibleObjectException: Unable to make protected void java.net.URLClassLoader.addURL(java.net.URL) accessible: module java.base does not "opens java.net" to unnamed module @27efef64
	at java.base/java.lang.reflect.AccessibleObject.throwInaccessibleObjectException(AccessibleObject.java:387)
	at java.base/java.lang.reflect.AccessibleObject.checkCanSetAccessible(AccessibleObject.java:363)
	at java.base/java.lang.reflect.AccessibleObject.checkCanSetAccessible(AccessibleObject.java:311)
	at java.base/java.lang.reflect.Method.checkCanSetAccessible(Method.java:201)
	at java.base/java.lang.reflect.Method.setAccessible(Method.java:195)
	at org.eclipse.osgi.internal.baseadaptor.BaseStorage.findaddURLMethod(BaseStorage.java:1056)
	at org.eclipse.osgi.internal.baseadaptor.BaseStorage.findaddURLMethod(BaseStorage.java:1063)
	at org.eclipse.osgi.internal.baseadaptor.BaseStorage.initialize(BaseStorage.java:129)
	at org.eclipse.osgi.baseadaptor.BaseAdaptor.initializeStorage(BaseAdaptor.java:124)
	at org.eclipse.osgi.framework.internal.core.Framework.initialize(Framework.java:174)
	at org.eclipse.osgi.framework.internal.core.Framework.<init>(Framework.java:147)
	at org.eclipse.osgi.framework.internal.core.OSGi.createFramework(OSGi.java:90)
	at org.eclipse.osgi.framework.internal.core.OSGi.<init>(OSGi.java:31)
	at org.eclipse.core.runtime.adaptor.EclipseStarter.startup(EclipseStarter.java:283)
	at org.eclipse.core.runtime.adaptor.EclipseStarter.run(EclipseStarter.java:172)
	at java.base/jdk.internal.reflect.DirectMethodHandleAccessor.invoke(DirectMethodHandleAccessor.java:104)
	at java.base/java.lang.reflect.Method.invoke(Method.java:578)
	at org.eclipse.equinox.launcher.Main.invokeFramework(Main.java:508)
	at org.eclipse.equinox.launcher.Main.basicRun(Main.java:447)
	at org.eclipse.equinox.launcher.Main.run(Main.java:1173)
	at org.eclipse.equinox.launcher.Main.main(Main.java:1148)
