!SESSION 2023-08-29 10:49:05.491 -----------------------------------------------
eclipse.buildId=unknown
java.version=1.7.0_21
java.vendor=Oracle Corporation
BootLoader constants: OS=win32, ARCH=x86, WS=win32, NL=en_GB
Command-line arguments:  -os win32 -ws win32 -arch x86

This is a continuation of log file C:\Users\Juli\OneDrive\FACU\2023\2ndo cuatri\DBD Desarollo de Base de Datos\Caser\Caser\drive-download-20200901T215545Z-001\workspace\.metadata\.bak_1.log
Created Time: 2023-08-29 11:22:54.459

!ENTRY org.eclipse.ui.workbench 4 0 2023-08-29 11:22:54.459
!MESSAGE trabajodegrado.modelo.Atributo cannot be cast to trabajodegrado.modelo.Entidad
!STACK 0
java.lang.ClassCastException: trabajodegrado.modelo.Atributo cannot be cast to trabajodegrado.modelo.Entidad
	at trabajodegrado.editpolicies.AppUpdateEntidadPolicy.createPropiedadesEntidad(AppUpdateEntidadPolicy.java:27)
	at trabajodegrado.editpolicies.AppUpdateEntidadPolicy.getCommand(AppUpdateEntidadPolicy.java:18)
	at org.eclipse.gef.editparts.AbstractEditPart.getCommand(AbstractEditPart.java:473)
	at trabajodegrado.actions.addEditObjetos.EditEntidadAction.createEntidadCommand(EditEntidadAction.java:43)
	at trabajodegrado.actions.addEditObjetos.AddEditEntidadAction.calculateEnabled(AddEditEntidadAction.java:36)
	at org.eclipse.gef.ui.actions.WorkbenchPartAction.refresh(WorkbenchPartAction.java:119)
	at org.eclipse.gef.ui.actions.SelectionAction.handleSelectionChanged(SelectionAction.java:85)
	at org.eclipse.gef.ui.actions.SelectionAction.setSelection(SelectionAction.java:96)
	at org.eclipse.gef.ui.actions.SelectionAction.update(SelectionAction.java:117)
	at org.eclipse.gef.ui.parts.GraphicalEditor.updateActions(GraphicalEditor.java:414)
	at org.eclipse.gef.ui.parts.GraphicalEditor.selectionChanged(GraphicalEditor.java:366)
	at org.eclipse.ui.internal.AbstractSelectionService.fireSelection(AbstractSelectionService.java:156)
	at org.eclipse.ui.internal.AbstractSelectionService$1.selectionChanged(AbstractSelectionService.java:62)
	at org.eclipse.gef.ui.parts.AbstractEditPartViewer.fireSelectionChanged(AbstractEditPartViewer.java:243)
	at org.eclipse.gef.ui.parts.AbstractEditPartViewer$1.run(AbstractEditPartViewer.java:129)
	at org.eclipse.gef.SelectionManager.fireSelectionChanged(SelectionManager.java:115)
	at org.eclipse.gef.SelectionManager.appendSelection(SelectionManager.java:76)
	at org.eclipse.gef.ui.parts.AbstractEditPartViewer.appendSelection(AbstractEditPartViewer.java:188)
	at org.eclipse.gef.ui.parts.AbstractEditPartViewer.select(AbstractEditPartViewer.java:582)
	at org.eclipse.gef.tools.SelectEditPartTracker.performSelection(SelectEditPartTracker.java:213)
	at org.eclipse.gef.tools.SelectEditPartTracker.performConditionalSelection(SelectEditPartTracker.java:159)
	at org.eclipse.gef.tools.SelectEditPartTracker.handleButtonDown(SelectEditPartTracker.java:90)
	at org.eclipse.gef.tools.AbstractTool.mouseDown(AbstractTool.java:964)
	at org.eclipse.gef.tools.SelectionTool.mouseDown(SelectionTool.java:490)
	at org.eclipse.gef.EditDomain.mouseDown(EditDomain.java:215)
	at org.eclipse.gef.ui.parts.DomainEventDispatcher.dispatchMousePressed(DomainEventDispatcher.java:342)
	at org.eclipse.draw2d.LightweightSystem$EventHandler.mouseDown(LightweightSystem.java:513)
	at org.eclipse.swt.widgets.TypedListener.handleEvent(TypedListener.java:178)
	at org.eclipse.swt.widgets.EventTable.sendEvent(EventTable.java:66)
	at org.eclipse.swt.widgets.Widget.sendEvent(Widget.java:938)
	at org.eclipse.swt.widgets.Display.runDeferredEvents(Display.java:3682)
	at org.eclipse.swt.widgets.Display.readAndDispatch(Display.java:3293)
	at org.eclipse.ui.internal.Workbench.runEventLoop(Workbench.java:2389)
	at org.eclipse.ui.internal.Workbench.runUI(Workbench.java:2353)
	at org.eclipse.ui.internal.Workbench.access$4(Workbench.java:2219)
	at org.eclipse.ui.internal.Workbench$4.run(Workbench.java:466)
	at org.eclipse.core.databinding.observable.Realm.runWithDefault(Realm.java:289)
	at org.eclipse.ui.internal.Workbench.createAndRunWorkbench(Workbench.java:461)
	at org.eclipse.ui.PlatformUI.createAndRunWorkbench(PlatformUI.java:149)
	at trabajodegrado.Application.start(Application.java:20)
	at org.eclipse.equinox.internal.app.EclipseAppHandle.run(EclipseAppHandle.java:169)
	at org.eclipse.core.runtime.internal.adaptor.EclipseAppLauncher.runApplication(EclipseAppLauncher.java:106)
	at org.eclipse.core.runtime.internal.adaptor.EclipseAppLauncher.start(EclipseAppLauncher.java:76)
	at org.eclipse.core.runtime.adaptor.EclipseStarter.run(EclipseStarter.java:363)
	at org.eclipse.core.runtime.adaptor.EclipseStarter.run(EclipseStarter.java:176)
	at sun.reflect.NativeMethodAccessorImpl.invoke0(Native Method)
	at sun.reflect.NativeMethodAccessorImpl.invoke(Unknown Source)
	at sun.reflect.DelegatingMethodAccessorImpl.invoke(Unknown Source)
	at java.lang.reflect.Method.invoke(Unknown Source)
	at org.eclipse.equinox.launcher.Main.invokeFramework(Main.java:508)
	at org.eclipse.equinox.launcher.Main.basicRun(Main.java:447)
	at org.eclipse.equinox.launcher.Main.run(Main.java:1173)

!ENTRY org.eclipse.ui.workbench 4 0 2023-08-29 11:22:55.732
!MESSAGE trabajodegrado.modelo.Atributo cannot be cast to trabajodegrado.modelo.Entidad
!STACK 0
java.lang.ClassCastException: trabajodegrado.modelo.Atributo cannot be cast to trabajodegrado.modelo.Entidad
	at trabajodegrado.editpolicies.AppUpdateEntidadPolicy.createPropiedadesEntidad(AppUpdateEntidadPolicy.java:27)
	at trabajodegrado.editpolicies.AppUpdateEntidadPolicy.getCommand(AppUpdateEntidadPolicy.java:18)
	at org.eclipse.gef.editparts.AbstractEditPart.getCommand(AbstractEditPart.java:473)
	at trabajodegrado.actions.addEditObjetos.EditEntidadAction.createEntidadCommand(EditEntidadAction.java:43)
	at trabajodegrado.actions.addEditObjetos.AddEditEntidadAction.calculateEnabled(AddEditEntidadAction.java:36)
	at org.eclipse.gef.ui.actions.WorkbenchPartAction.refresh(WorkbenchPartAction.java:119)
	at org.eclipse.gef.ui.actions.SelectionAction.handleSelectionChanged(SelectionAction.java:85)
	at org.eclipse.gef.ui.actions.SelectionAction.setSelection(SelectionAction.java:96)
	at org.eclipse.gef.ui.actions.SelectionAction.update(SelectionAction.java:117)
	at org.eclipse.gef.ui.parts.GraphicalEditor.updateActions(GraphicalEditor.java:414)
	at org.eclipse.gef.ui.parts.GraphicalEditor.selectionChanged(GraphicalEditor.java:366)
	at org.eclipse.ui.internal.AbstractSelectionService.fireSelection(AbstractSelectionService.java:156)
	at org.eclipse.ui.internal.AbstractSelectionService$1.selectionChanged(AbstractSelectionService.java:62)
	at org.eclipse.gef.ui.parts.AbstractEditPartViewer.fireSelectionChanged(AbstractEditPartViewer.java:243)
	at org.eclipse.gef.ui.parts.AbstractEditPartViewer$1.run(AbstractEditPartViewer.java:129)
	at org.eclipse.gef.SelectionManager.fireSelectionChanged(SelectionManager.java:115)
	at org.eclipse.gef.SelectionManager.appendSelection(SelectionManager.java:76)
	at org.eclipse.gef.ui.parts.AbstractEditPartViewer.appendSelection(AbstractEditPartViewer.java:188)
	at org.eclipse.gef.ui.parts.AbstractEditPartViewer.select(AbstractEditPartViewer.java:582)
	at org.eclipse.gef.tools.SelectEditPartTracker.performSelection(SelectEditPartTracker.java:213)
	at org.eclipse.gef.tools.SelectEditPartTracker.performConditionalSelection(SelectEditPartTracker.java:159)
	at org.eclipse.gef.tools.SelectEditPartTracker.handleButtonDown(SelectEditPartTracker.java:90)
	at org.eclipse.gef.tools.AbstractTool.mouseDown(AbstractTool.java:964)
	at org.eclipse.gef.tools.SelectionTool.mouseDown(SelectionTool.java:490)
	at org.eclipse.gef.EditDomain.mouseDown(EditDomain.java:215)
	at org.eclipse.gef.ui.parts.DomainEventDispatcher.dispatchMousePressed(DomainEventDispatcher.java:342)
	at org.eclipse.draw2d.LightweightSystem$EventHandler.mouseDown(LightweightSystem.java:513)
	at org.eclipse.swt.widgets.TypedListener.handleEvent(TypedListener.java:178)
	at org.eclipse.swt.widgets.EventTable.sendEvent(EventTable.java:66)
	at org.eclipse.swt.widgets.Widget.sendEvent(Widget.java:938)
	at org.eclipse.swt.widgets.Display.runDeferredEvents(Display.java:3682)
	at org.eclipse.swt.widgets.Display.readAndDispatch(Display.java:3293)
	at org.eclipse.ui.internal.Workbench.runEventLoop(Workbench.java:2389)
	at org.eclipse.ui.internal.Workbench.runUI(Workbench.java:2353)
	at org.eclipse.ui.internal.Workbench.access$4(Workbench.java:2219)
	at org.eclipse.ui.internal.Workbench$4.run(Workbench.java:466)
	at org.eclipse.core.databinding.observable.Realm.runWithDefault(Realm.java:289)
	at org.eclipse.ui.internal.Workbench.createAndRunWorkbench(Workbench.java:461)
	at org.eclipse.ui.PlatformUI.createAndRunWorkbench(PlatformUI.java:149)
	at trabajodegrado.Application.start(Application.java:20)
	at org.eclipse.equinox.internal.app.EclipseAppHandle.run(EclipseAppHandle.java:169)
	at org.eclipse.core.runtime.internal.adaptor.EclipseAppLauncher.runApplication(EclipseAppLauncher.java:106)
	at org.eclipse.core.runtime.internal.adaptor.EclipseAppLauncher.start(EclipseAppLauncher.java:76)
	at org.eclipse.core.runtime.adaptor.EclipseStarter.run(EclipseStarter.java:363)
	at org.eclipse.core.runtime.adaptor.EclipseStarter.run(EclipseStarter.java:176)
	at sun.reflect.NativeMethodAccessorImpl.invoke0(Native Method)
	at sun.reflect.NativeMethodAccessorImpl.invoke(Unknown Source)
	at sun.reflect.DelegatingMethodAccessorImpl.invoke(Unknown Source)
	at java.lang.reflect.Method.invoke(Unknown Source)
	at org.eclipse.equinox.launcher.Main.invokeFramework(Main.java:508)
	at org.eclipse.equinox.launcher.Main.basicRun(Main.java:447)
	at org.eclipse.equinox.launcher.Main.run(Main.java:1173)
